\BOOKMARK [0][-]{chapter.1}{Introducci\363n}{}% 1
\BOOKMARK [1][-]{section.1.1}{Resumen}{chapter.1}% 2
\BOOKMARK [1][-]{section.1.2}{Introducci\363n}{chapter.1}% 3
\BOOKMARK [1][-]{section.1.3}{Objetivos}{chapter.1}% 4
\BOOKMARK [2][-]{subsection.1.3.1}{Objetivo general}{section.1.3}% 5
\BOOKMARK [2][-]{subsection.1.3.2}{Objetivos espec\355ficos}{section.1.3}% 6
\BOOKMARK [1][-]{section.1.4}{Estado del arte}{chapter.1}% 7
\BOOKMARK [0][-]{chapter.2}{Marco Teorico}{}% 8
\BOOKMARK [1][-]{section.2.1}{Introducci\363n a Sistemas hidr\341ulicos}{chapter.2}% 9
\BOOKMARK [1][-]{section.2.2}{Modelamiento}{chapter.2}% 10
\BOOKMARK [2][-]{subsection.2.2.1}{Variables}{section.2.2}% 11
\BOOKMARK [2][-]{subsection.2.2.2}{Leyes de los Elementos}{section.2.2}% 12
\BOOKMARK [2][-]{subsection.2.2.3}{Capacitancia}{section.2.2}% 13
\BOOKMARK [2][-]{subsection.2.2.4}{Resistencia}{section.2.2}% 14
\BOOKMARK [2][-]{subsection.2.2.5}{Fuentes}{section.2.2}% 15
\BOOKMARK [2][-]{subsection.2.2.6}{Modelos Dinamicos de Sistemas Hidraulicos}{section.2.2}% 16
\BOOKMARK [2][-]{subsection.2.2.7}{Modelo Dinamico Planta M-ECCI}{section.2.2}% 17
\BOOKMARK [1][-]{section.2.3}{Linealizaci\363n}{chapter.2}% 18
\BOOKMARK [2][-]{subsection.2.3.1}{Caracter\355sticas Sistemas linealizados}{section.2.3}% 19
\BOOKMARK [2][-]{subsection.2.3.2}{Serie de Taylor}{section.2.3}% 20
\BOOKMARK [1][-]{section.2.4}{Identificaci\363n}{chapter.2}% 21
\BOOKMARK [1][-]{section.2.5}{Control}{chapter.2}% 22
\BOOKMARK [2][-]{subsection.2.5.1}{Uso de SISOTOOL Para Dise\361o de Controles}{section.2.5}% 23
\BOOKMARK [0][-]{appendix.Alph1}{Tarjetas de circuitos impresos}{}% 24
\BOOKMARK [1][-]{section.Alph1.1}{Historia}{appendix.Alph1}% 25
\BOOKMARK [1][-]{section.Alph1.2}{Definici\363n}{appendix.Alph1}% 26
\BOOKMARK [1][-]{section.Alph1.3}{Normatividad para la construcci\363n de tarjetas de circuitos impresos}{appendix.Alph1}% 27
\BOOKMARK [2][-]{subsection.Alph1.3.1}{UNE 20-621-84/3}{section.Alph1.3}% 28
\BOOKMARK [2][-]{subsection.Alph1.3.2}{UNE 20-55-2753}{section.Alph1.3}% 29
\BOOKMARK [1][-]{section.Alph1.4}{Pautas b\341sicas para la construcci\363n de circuitos impresos}{appendix.Alph1}% 30
\BOOKMARK [1][-]{section.Alph1.5}{Disposici\363n De Componentes}{appendix.Alph1}% 31
\BOOKMARK [1][-]{section.Alph1.6}{Dise\361o de Pistas}{appendix.Alph1}% 32
\BOOKMARK [1][-]{section.Alph1.7}{Composici\363n qu\355mica}{appendix.Alph1}% 33
