This is pdfTeX, Version 3.14159265-2.6-1.40.15 (TeX Live 2014) (preloaded format=pdflatex 2014.7.15)  19 NOV 2014 23:38
entering extended mode
 restricted \write18 enabled.
 %&-line parsing enabled.
**proyectotanquesecci.tex
(./proyectotanquesecci.tex
LaTeX2e <2014/05/01>
Babel <3.9k> and hyphenation patterns for 79 languages loaded.
(./proyectotanquesecci.cls
Document Class: proyectotanquesecci 2007/10/19 v1.4h Standard LaTeX document cl
ass
(/usr/local/texlive/2014/texmf-dist/tex/latex/base/bk12.clo
File: bk12.clo 2007/10/19 v1.4h Standard LaTeX file (size option)
)
\c@part=\count79
\c@chapter=\count80
\c@section=\count81
\c@subsection=\count82
\c@subsubsection=\count83
\c@paragraph=\count84
\c@subparagraph=\count85
\c@figure=\count86
\c@table=\count87
\abovecaptionskip=\skip41
\belowcaptionskip=\skip42
\bibindent=\dimen102
)
(/usr/local/texlive/2014/texmf-dist/tex/latex/graphics/graphicx.sty
Package: graphicx 2014/04/25 v1.0g Enhanced LaTeX Graphics (DPC,SPQR)

(/usr/local/texlive/2014/texmf-dist/tex/latex/graphics/keyval.sty
Package: keyval 2014/05/08 v1.15 key=value parser (DPC)
\KV@toks@=\toks14
)
(/usr/local/texlive/2014/texmf-dist/tex/latex/graphics/graphics.sty
Package: graphics 2009/02/05 v1.0o Standard LaTeX Graphics (DPC,SPQR)

(/usr/local/texlive/2014/texmf-dist/tex/latex/graphics/trig.sty
Package: trig 1999/03/16 v1.09 sin cos tan (DPC)
)
(/usr/local/texlive/2014/texmf-dist/tex/latex/latexconfig/graphics.cfg
File: graphics.cfg 2010/04/23 v1.9 graphics configuration of TeX Live
)
Package graphics Info: Driver file: pdftex.def on input line 91.

(/usr/local/texlive/2014/texmf-dist/tex/latex/pdftex-def/pdftex.def
File: pdftex.def 2011/05/27 v0.06d Graphics/color for pdfTeX

(/usr/local/texlive/2014/texmf-dist/tex/generic/oberdiek/infwarerr.sty
Package: infwarerr 2010/04/08 v1.3 Providing info/warning/error messages (HO)
)
(/usr/local/texlive/2014/texmf-dist/tex/generic/oberdiek/ltxcmds.sty
Package: ltxcmds 2011/11/09 v1.22 LaTeX kernel commands for general use (HO)
)
\Gread@gobject=\count88
))
\Gin@req@height=\dimen103
\Gin@req@width=\dimen104
)
(/usr/local/texlive/2014/texmf-dist/tex/latex/eqparbox/eqparbox.sty
Package: eqparbox 2013/03/15 v4.0 Create equal-widthed boxes
\eqp@tempdima=\skip43
\eqp@tempdimb=\skip44

(/usr/local/texlive/2014/texmf-dist/tex/latex/tools/array.sty
Package: array 2008/09/09 v2.4c Tabular extension package (FMi)
\col@sep=\dimen105
\extrarowheight=\dimen106
\NC@list=\toks15
\extratabsurround=\skip45
\backup@length=\skip46
)
\eqp@tabular@box=\box26
\eqp@list@box=\box27
\eqp@list@indent=\skip47

(/usr/local/texlive/2014/texmf-dist/tex/latex/environ/environ.sty
Package: environ 2014/05/04 v0.3 A new way to define environments

(/usr/local/texlive/2014/texmf-dist/tex/latex/trimspaces/trimspaces.sty
Package: trimspaces 2009/09/17 v1.1 Trim spaces around a token list
)
\@envbody=\toks16
))
(/usr/local/texlive/2014/texmf-dist/tex/latex/subfigure/subfigure.sty
Package: subfigure 2002/03/15 v2.1.5 subfigure package
\subfigtopskip=\skip48
\subfigcapskip=\skip49
\subfigcaptopadj=\dimen107
\subfigbottomskip=\skip50
\subfigcapmargin=\dimen108
\subfiglabelskip=\skip51
\c@subfigure=\count89
\c@lofdepth=\count90
\c@subtable=\count91
\c@lotdepth=\count92

****************************************
* Local config file subfigure.cfg used *
****************************************
(/usr/local/texlive/2014/texmf-dist/tex/latex/subfigure/subfigure.cfg)
\subfig@top=\skip52
\subfig@bottom=\skip53
)
(/usr/local/texlive/2014/texmf-dist/tex/latex/hyperref/hyperref.sty
Package: hyperref 2012/11/06 v6.83m Hypertext links for LaTeX

(/usr/local/texlive/2014/texmf-dist/tex/generic/oberdiek/hobsub-hyperref.sty
Package: hobsub-hyperref 2012/05/28 v1.13 Bundle oberdiek, subset hyperref (HO)


(/usr/local/texlive/2014/texmf-dist/tex/generic/oberdiek/hobsub-generic.sty
Package: hobsub-generic 2012/05/28 v1.13 Bundle oberdiek, subset generic (HO)
Package: hobsub 2012/05/28 v1.13 Construct package bundles (HO)
Package hobsub Info: Skipping package `infwarerr' (already loaded).
Package hobsub Info: Skipping package `ltxcmds' (already loaded).
Package: ifluatex 2010/03/01 v1.3 Provides the ifluatex switch (HO)
Package ifluatex Info: LuaTeX not detected.
Package: ifvtex 2010/03/01 v1.5 Detect VTeX and its facilities (HO)
Package ifvtex Info: VTeX not detected.
Package: intcalc 2007/09/27 v1.1 Expandable calculations with integers (HO)
Package: ifpdf 2011/01/30 v2.3 Provides the ifpdf switch (HO)
Package ifpdf Info: pdfTeX in PDF mode is detected.
Package: etexcmds 2011/02/16 v1.5 Avoid name clashes with e-TeX commands (HO)
Package etexcmds Info: Could not find \expanded.
(etexcmds)             That can mean that you are not using pdfTeX 1.50 or
(etexcmds)             that some package has redefined \expanded.
(etexcmds)             In the latter case, load this package earlier.
Package: kvsetkeys 2012/04/25 v1.16 Key value parser (HO)
Package: kvdefinekeys 2011/04/07 v1.3 Define keys (HO)
Package: pdftexcmds 2011/11/29 v0.20 Utility functions of pdfTeX for LuaTeX (HO
)
Package pdftexcmds Info: LuaTeX not detected.
Package pdftexcmds Info: \pdf@primitive is available.
Package pdftexcmds Info: \pdf@ifprimitive is available.
Package pdftexcmds Info: \pdfdraftmode found.
Package: pdfescape 2011/11/25 v1.13 Implements pdfTeX's escape features (HO)
Package: bigintcalc 2012/04/08 v1.3 Expandable calculations on big integers (HO
)
Package: bitset 2011/01/30 v1.1 Handle bit-vector datatype (HO)
Package: uniquecounter 2011/01/30 v1.2 Provide unlimited unique counter (HO)
)
Package hobsub Info: Skipping package `hobsub' (already loaded).
Package: letltxmacro 2010/09/02 v1.4 Let assignment for LaTeX macros (HO)
Package: hopatch 2012/05/28 v1.2 Wrapper for package hooks (HO)
Package: xcolor-patch 2011/01/30 xcolor patch
Package: atveryend 2011/06/30 v1.8 Hooks at the very end of document (HO)
Package atveryend Info: \enddocument detected (standard20110627).
Package: atbegshi 2011/10/05 v1.16 At begin shipout hook (HO)
Package: refcount 2011/10/16 v3.4 Data extraction from label references (HO)
Package: hycolor 2011/01/30 v1.7 Color options for hyperref/bookmark (HO)
)
(/usr/local/texlive/2014/texmf-dist/tex/generic/ifxetex/ifxetex.sty
Package: ifxetex 2010/09/12 v0.6 Provides ifxetex conditional
)
(/usr/local/texlive/2014/texmf-dist/tex/latex/oberdiek/auxhook.sty
Package: auxhook 2011/03/04 v1.3 Hooks for auxiliary files (HO)
)
(/usr/local/texlive/2014/texmf-dist/tex/latex/oberdiek/kvoptions.sty
Package: kvoptions 2011/06/30 v3.11 Key value format for package options (HO)
)
\@linkdim=\dimen109
\Hy@linkcounter=\count93
\Hy@pagecounter=\count94

(/usr/local/texlive/2014/texmf-dist/tex/latex/hyperref/pd1enc.def
File: pd1enc.def 2012/11/06 v6.83m Hyperref: PDFDocEncoding definition (HO)
)
\Hy@SavedSpaceFactor=\count95

(/usr/local/texlive/2014/texmf-dist/tex/latex/latexconfig/hyperref.cfg
File: hyperref.cfg 2002/06/06 v1.2 hyperref configuration of TeXLive
)
Package hyperref Info: Hyper figures OFF on input line 4443.
Package hyperref Info: Link nesting OFF on input line 4448.
Package hyperref Info: Hyper index ON on input line 4451.
Package hyperref Info: Plain pages OFF on input line 4458.
Package hyperref Info: Backreferencing OFF on input line 4463.
Package hyperref Info: Implicit mode ON; LaTeX internals redefined.
Package hyperref Info: Bookmarks ON on input line 4688.
\c@Hy@tempcnt=\count96

(/usr/local/texlive/2014/texmf-dist/tex/latex/url/url.sty
\Urlmuskip=\muskip10
Package: url 2013/09/16  ver 3.4  Verb mode for urls, etc.
)
LaTeX Info: Redefining \url on input line 5041.
\XeTeXLinkMargin=\dimen110
\Fld@menulength=\count97
\Field@Width=\dimen111
\Fld@charsize=\dimen112
Package hyperref Info: Hyper figures OFF on input line 6295.
Package hyperref Info: Link nesting OFF on input line 6300.
Package hyperref Info: Hyper index ON on input line 6303.
Package hyperref Info: backreferencing OFF on input line 6310.
Package hyperref Info: Link coloring OFF on input line 6315.
Package hyperref Info: Link coloring with OCG OFF on input line 6320.
Package hyperref Info: PDF/A mode OFF on input line 6325.
LaTeX Info: Redefining \ref on input line 6365.
LaTeX Info: Redefining \pageref on input line 6369.
\Hy@abspage=\count98
\c@Item=\count99
\c@Hfootnote=\count100
)

Package hyperref Message: Driver (autodetected): hpdftex.

(/usr/local/texlive/2014/texmf-dist/tex/latex/hyperref/hpdftex.def
File: hpdftex.def 2012/11/06 v6.83m Hyperref driver for pdfTeX
\Fld@listcount=\count101
\c@bookmark@seq@number=\count102

(/usr/local/texlive/2014/texmf-dist/tex/latex/oberdiek/rerunfilecheck.sty
Package: rerunfilecheck 2011/04/15 v1.7 Rerun checks for auxiliary files (HO)
Package uniquecounter Info: New unique counter `rerunfilecheck' on input line 2
82.
)
\Hy@SectionHShift=\skip54
)
(/usr/local/texlive/2014/texmf-dist/tex/generic/babel/babel.sty
Package: babel 2014/03/24 3.9k The Babel package

(/usr/local/texlive/2014/texmf-dist/tex/generic/babel-spanish/spanish.ldf
Language: spanish.ldf 2014/04/24 v5.0n Spanish support from the babel system

(/usr/local/texlive/2014/texmf-dist/tex/generic/babel/babel.def
File: babel.def 2014/03/24 3.9k Babel common definitions
\babel@savecnt=\count103
\U@D=\dimen113
)
\es@quottoks=\toks17
\es@quotdepth=\count104
Package babel Info: Making " an active character on input line 516.
Package babel Info: Making . an active character on input line 617.
Package babel Info: Making < an active character on input line 662.
Package babel Info: Making > an active character on input line 662.
))
(/usr/local/texlive/2014/texmf-dist/tex/latex/base/inputenc.sty
Package: inputenc 2014/04/30 v1.2b Input encoding file
\inpenc@prehook=\toks18
\inpenc@posthook=\toks19

(/usr/local/texlive/2014/texmf-dist/tex/latex/base/utf8.def
File: utf8.def 2008/04/05 v1.1m UTF-8 support for inputenc
Now handling font encoding OML ...
... no UTF-8 mapping file for font encoding OML
Now handling font encoding T1 ...
... processing UTF-8 mapping file for font encoding T1

(/usr/local/texlive/2014/texmf-dist/tex/latex/base/t1enc.dfu
File: t1enc.dfu 2008/04/05 v1.1m UTF-8 support for inputenc
   defining Unicode char U+00A1 (decimal 161)
   defining Unicode char U+00A3 (decimal 163)
   defining Unicode char U+00AB (decimal 171)
   defining Unicode char U+00BB (decimal 187)
   defining Unicode char U+00BF (decimal 191)
   defining Unicode char U+00C0 (decimal 192)
   defining Unicode char U+00C1 (decimal 193)
   defining Unicode char U+00C2 (decimal 194)
   defining Unicode char U+00C3 (decimal 195)
   defining Unicode char U+00C4 (decimal 196)
   defining Unicode char U+00C5 (decimal 197)
   defining Unicode char U+00C6 (decimal 198)
   defining Unicode char U+00C7 (decimal 199)
   defining Unicode char U+00C8 (decimal 200)
   defining Unicode char U+00C9 (decimal 201)
   defining Unicode char U+00CA (decimal 202)
   defining Unicode char U+00CB (decimal 203)
   defining Unicode char U+00CC (decimal 204)
   defining Unicode char U+00CD (decimal 205)
   defining Unicode char U+00CE (decimal 206)
   defining Unicode char U+00CF (decimal 207)
   defining Unicode char U+00D0 (decimal 208)
   defining Unicode char U+00D1 (decimal 209)
   defining Unicode char U+00D2 (decimal 210)
   defining Unicode char U+00D3 (decimal 211)
   defining Unicode char U+00D4 (decimal 212)
   defining Unicode char U+00D5 (decimal 213)
   defining Unicode char U+00D6 (decimal 214)
   defining Unicode char U+00D8 (decimal 216)
   defining Unicode char U+00D9 (decimal 217)
   defining Unicode char U+00DA (decimal 218)
   defining Unicode char U+00DB (decimal 219)
   defining Unicode char U+00DC (decimal 220)
   defining Unicode char U+00DD (decimal 221)
   defining Unicode char U+00DE (decimal 222)
   defining Unicode char U+00DF (decimal 223)
   defining Unicode char U+00E0 (decimal 224)
   defining Unicode char U+00E1 (decimal 225)
   defining Unicode char U+00E2 (decimal 226)
   defining Unicode char U+00E3 (decimal 227)
   defining Unicode char U+00E4 (decimal 228)
   defining Unicode char U+00E5 (decimal 229)
   defining Unicode char U+00E6 (decimal 230)
   defining Unicode char U+00E7 (decimal 231)
   defining Unicode char U+00E8 (decimal 232)
   defining Unicode char U+00E9 (decimal 233)
   defining Unicode char U+00EA (decimal 234)
   defining Unicode char U+00EB (decimal 235)
   defining Unicode char U+00EC (decimal 236)
   defining Unicode char U+00ED (decimal 237)
   defining Unicode char U+00EE (decimal 238)
   defining Unicode char U+00EF (decimal 239)
   defining Unicode char U+00F0 (decimal 240)
   defining Unicode char U+00F1 (decimal 241)
   defining Unicode char U+00F2 (decimal 242)
   defining Unicode char U+00F3 (decimal 243)
   defining Unicode char U+00F4 (decimal 244)
   defining Unicode char U+00F5 (decimal 245)
   defining Unicode char U+00F6 (decimal 246)
   defining Unicode char U+00F8 (decimal 248)
   defining Unicode char U+00F9 (decimal 249)
   defining Unicode char U+00FA (decimal 250)
   defining Unicode char U+00FB (decimal 251)
   defining Unicode char U+00FC (decimal 252)
   defining Unicode char U+00FD (decimal 253)
   defining Unicode char U+00FE (decimal 254)
   defining Unicode char U+00FF (decimal 255)
   defining Unicode char U+0102 (decimal 258)
   defining Unicode char U+0103 (decimal 259)
   defining Unicode char U+0104 (decimal 260)
   defining Unicode char U+0105 (decimal 261)
   defining Unicode char U+0106 (decimal 262)
   defining Unicode char U+0107 (decimal 263)
   defining Unicode char U+010C (decimal 268)
   defining Unicode char U+010D (decimal 269)
   defining Unicode char U+010E (decimal 270)
   defining Unicode char U+010F (decimal 271)
   defining Unicode char U+0110 (decimal 272)
   defining Unicode char U+0111 (decimal 273)
   defining Unicode char U+0118 (decimal 280)
   defining Unicode char U+0119 (decimal 281)
   defining Unicode char U+011A (decimal 282)
   defining Unicode char U+011B (decimal 283)
   defining Unicode char U+011E (decimal 286)
   defining Unicode char U+011F (decimal 287)
   defining Unicode char U+0130 (decimal 304)
   defining Unicode char U+0131 (decimal 305)
   defining Unicode char U+0132 (decimal 306)
   defining Unicode char U+0133 (decimal 307)
   defining Unicode char U+0139 (decimal 313)
   defining Unicode char U+013A (decimal 314)
   defining Unicode char U+013D (decimal 317)
   defining Unicode char U+013E (decimal 318)
   defining Unicode char U+0141 (decimal 321)
   defining Unicode char U+0142 (decimal 322)
   defining Unicode char U+0143 (decimal 323)
   defining Unicode char U+0144 (decimal 324)
   defining Unicode char U+0147 (decimal 327)
   defining Unicode char U+0148 (decimal 328)
   defining Unicode char U+014A (decimal 330)
   defining Unicode char U+014B (decimal 331)
   defining Unicode char U+0150 (decimal 336)
   defining Unicode char U+0151 (decimal 337)
   defining Unicode char U+0152 (decimal 338)
   defining Unicode char U+0153 (decimal 339)
   defining Unicode char U+0154 (decimal 340)
   defining Unicode char U+0155 (decimal 341)
   defining Unicode char U+0158 (decimal 344)
   defining Unicode char U+0159 (decimal 345)
   defining Unicode char U+015A (decimal 346)
   defining Unicode char U+015B (decimal 347)
   defining Unicode char U+015E (decimal 350)
   defining Unicode char U+015F (decimal 351)
   defining Unicode char U+0160 (decimal 352)
   defining Unicode char U+0161 (decimal 353)
   defining Unicode char U+0162 (decimal 354)
   defining Unicode char U+0163 (decimal 355)
   defining Unicode char U+0164 (decimal 356)
   defining Unicode char U+0165 (decimal 357)
   defining Unicode char U+016E (decimal 366)
   defining Unicode char U+016F (decimal 367)
   defining Unicode char U+0170 (decimal 368)
   defining Unicode char U+0171 (decimal 369)
   defining Unicode char U+0178 (decimal 376)
   defining Unicode char U+0179 (decimal 377)
   defining Unicode char U+017A (decimal 378)
   defining Unicode char U+017B (decimal 379)
   defining Unicode char U+017C (decimal 380)
   defining Unicode char U+017D (decimal 381)
   defining Unicode char U+017E (decimal 382)
   defining Unicode char U+200C (decimal 8204)
   defining Unicode char U+2013 (decimal 8211)
   defining Unicode char U+2014 (decimal 8212)
   defining Unicode char U+2018 (decimal 8216)
   defining Unicode char U+2019 (decimal 8217)
   defining Unicode char U+201A (decimal 8218)
   defining Unicode char U+201C (decimal 8220)
   defining Unicode char U+201D (decimal 8221)
   defining Unicode char U+201E (decimal 8222)
   defining Unicode char U+2030 (decimal 8240)
   defining Unicode char U+2031 (decimal 8241)
   defining Unicode char U+2039 (decimal 8249)
   defining Unicode char U+203A (decimal 8250)
   defining Unicode char U+2423 (decimal 9251)
)
Now handling font encoding OT1 ...
... processing UTF-8 mapping file for font encoding OT1

(/usr/local/texlive/2014/texmf-dist/tex/latex/base/ot1enc.dfu
File: ot1enc.dfu 2008/04/05 v1.1m UTF-8 support for inputenc
   defining Unicode char U+00A1 (decimal 161)
   defining Unicode char U+00A3 (decimal 163)
   defining Unicode char U+00B8 (decimal 184)
   defining Unicode char U+00BF (decimal 191)
   defining Unicode char U+00C5 (decimal 197)
   defining Unicode char U+00C6 (decimal 198)
   defining Unicode char U+00D8 (decimal 216)
   defining Unicode char U+00DF (decimal 223)
   defining Unicode char U+00E6 (decimal 230)
   defining Unicode char U+00EC (decimal 236)
   defining Unicode char U+00ED (decimal 237)
   defining Unicode char U+00EE (decimal 238)
   defining Unicode char U+00EF (decimal 239)
   defining Unicode char U+00F8 (decimal 248)
   defining Unicode char U+0131 (decimal 305)
   defining Unicode char U+0141 (decimal 321)
   defining Unicode char U+0142 (decimal 322)
   defining Unicode char U+0152 (decimal 338)
   defining Unicode char U+0153 (decimal 339)
   defining Unicode char U+2013 (decimal 8211)
   defining Unicode char U+2014 (decimal 8212)
   defining Unicode char U+2018 (decimal 8216)
   defining Unicode char U+2019 (decimal 8217)
   defining Unicode char U+201C (decimal 8220)
   defining Unicode char U+201D (decimal 8221)
)
Now handling font encoding OMS ...
... processing UTF-8 mapping file for font encoding OMS

(/usr/local/texlive/2014/texmf-dist/tex/latex/base/omsenc.dfu
File: omsenc.dfu 2008/04/05 v1.1m UTF-8 support for inputenc
   defining Unicode char U+00A7 (decimal 167)
   defining Unicode char U+00B6 (decimal 182)
   defining Unicode char U+00B7 (decimal 183)
   defining Unicode char U+2020 (decimal 8224)
   defining Unicode char U+2021 (decimal 8225)
   defining Unicode char U+2022 (decimal 8226)
)
Now handling font encoding OMX ...
... no UTF-8 mapping file for font encoding OMX
Now handling font encoding U ...
... no UTF-8 mapping file for font encoding U
Now handling font encoding PD1 ...
... no UTF-8 mapping file for font encoding PD1
   defining Unicode char U+00A9 (decimal 169)
   defining Unicode char U+00AA (decimal 170)
   defining Unicode char U+00AE (decimal 174)
   defining Unicode char U+00BA (decimal 186)
   defining Unicode char U+02C6 (decimal 710)
   defining Unicode char U+02DC (decimal 732)
   defining Unicode char U+200C (decimal 8204)
   defining Unicode char U+2026 (decimal 8230)
   defining Unicode char U+2122 (decimal 8482)
   defining Unicode char U+2423 (decimal 9251)
))
(/usr/local/texlive/2014/texmf-dist/tex/latex/algorithmicx/algpseudocode.sty
Package: algpseudocode 

(/usr/local/texlive/2014/texmf-dist/tex/latex/base/ifthen.sty
Package: ifthen 2001/05/26 v1.1c Standard LaTeX ifthen package (DPC)
)
(/usr/local/texlive/2014/texmf-dist/tex/latex/algorithmicx/algorithmicx.sty
Package: algorithmicx 2005/04/27 v1.2 Algorithmicx

Document Style algorithmicx 1.2 - a greatly improved `algorithmic' style
\c@ALG@line=\count105
\c@ALG@rem=\count106
\c@ALG@nested=\count107
\ALG@tlm=\skip55
\ALG@thistlm=\skip56
\c@ALG@Lnr=\count108
\c@ALG@blocknr=\count109
\c@ALG@storecount=\count110
\c@ALG@tmpcounter=\count111
\ALG@tmplength=\skip57
)
Document Style - pseudocode environments for use with the `algorithmicx' style
) (/usr/local/texlive/2014/texmf-dist/tex/latex/algorithms/algorithm.sty
Package: algorithm 2009/08/24 v0.1 Document Style `algorithm' - floating enviro
nment

(/usr/local/texlive/2014/texmf-dist/tex/latex/float/float.sty
Package: float 2001/11/08 v1.3d Float enhancements (AL)
\c@float@type=\count112
\float@exts=\toks20
\float@box=\box28
\@float@everytoks=\toks21
\@floatcapt=\box29
)
\@float@every@algorithm=\toks22
\c@algorithm=\count113
)
(/usr/local/texlive/2014/texmf-dist/tex/latex/colortbl/colortbl.sty
Package: colortbl 2012/02/13 v1.0a Color table columns (DPC)

(/usr/local/texlive/2014/texmf-dist/tex/latex/graphics/color.sty
Package: color 2014/04/23 v1.1a Standard LaTeX Color (DPC)

(/usr/local/texlive/2014/texmf-dist/tex/latex/latexconfig/color.cfg
File: color.cfg 2007/01/18 v1.5 color configuration of teTeX/TeXLive
)
Package color Info: Driver file: pdftex.def on input line 137.
)
\everycr=\toks23
\minrowclearance=\skip58
)
(/usr/local/texlive/2014/texmf-dist/tex/latex/fancyhdr/fancyhdr.sty
\fancy@headwidth=\skip59
\f@ncyO@elh=\skip60
\f@ncyO@erh=\skip61
\f@ncyO@olh=\skip62
\f@ncyO@orh=\skip63
\f@ncyO@elf=\skip64
\f@ncyO@erf=\skip65
\f@ncyO@olf=\skip66
\f@ncyO@orf=\skip67
)
(/usr/local/texlive/2014/texmf-dist/tex/latex/anysize/anysize.sty
Package: anysize 1994/08/13 setting margin sizes

document style option `anysize' loaded
Michael Salzenberg, Thomas Esser, Dirk Hillbrecht
Version 1.0, Aug 13, 1994
\@Leftmargin=\dimen114
\@Rightmargin=\dimen115
\@Topmargin=\dimen116
\@Bottommargin=\dimen117
) (./proyectotanquesecci.aux
LaTeX Info: Redefining \. on input line 23.
LaTeX Info: Redefining \% on input line 23.

! Missing \endcsname inserted.
<to be read again> 
                   \unhbox 
l.53 ...n y el área de un liquido}{figure.4.1}{}}
                                                  
The control sequence marked <to be read again> should
not appear between \csname and \endcsname.


LaTeX Warning: Label `Presi\IeC {\'o}n en funci\IeC {\'o}n del volumen y el \Ie
C {\'a}rea de un liquido' multiply defined.

! Missing \endcsname inserted.
<to be read again> 
                   \unhbox 
l.53 ...n y el área de un liquido}{figure.4.1}{}}
                                                  
The control sequence marked <to be read again> should
not appear between \csname and \endcsname.


! LaTeX Error: Missing \begin{document}.

See the LaTeX manual or LaTeX Companion for explanation.
Type  H <return>  for immediate help.
 ...                                              
                                                  
l.53 ...n y el área de un liquido}{figure.4.1}{}}
                                                  
You're in trouble here.  Try typing  <return>  to proceed.
If that doesn't work, type  X <return>  to quit.

! Missing number, treated as zero.
<to be read again> 
                   \accent@spacefactor 
l.53 ...n y el área de un liquido}{figure.4.1}{}}
                                                  
A number should have been here; I inserted `0'.
(If you can't figure out why I needed to see a number,
look up `weird error' in the index to The TeXbook.)

! Bad space factor (0).
<to be read again> 
                   \accent@spacefactor 
l.53 ...n y el área de un liquido}{figure.4.1}{}}
                                                  
I allow only values in the range 1..32767 here.

! Extra \endcsname.
\@namedef ...xpandafter \def \csname #1\endcsname 
                                                  
l.53 ...n y el área de un liquido}{figure.4.1}{}}
                                                  
I'm ignoring this, since I wasn't doing a \csname.

! Extra }, or forgotten \endgroup.
\@newl@bel ...ined}}\global \@namedef {#1@#2}{#3}}
                                                  
l.53 ...n y el área de un liquido}{figure.4.1}{}}
                                                  
I've deleted a group-closing symbol because it seems to be
spurious, as in `$x}$'. But perhaps the } is legitimate and
you forgot something else, as in `\hbox{$x}'. In such cases
the way to recover is to insert both the forgotten and the
deleted material, e.g., by typing `I$}'.

! Missing \endcsname inserted.
<to be read again> 
                   \unhbox 
l.57 ...) Vertical. (b) Horizontal}{figure.4.2}{}}
                                                  
The control sequence marked <to be read again> should
not appear between \csname and \endcsname.


LaTeX Warning: Label `Vaso cil\IeC {\'\i }ndrico. (a) Cilindro vertical. (b) Ci
lindro horizontal.' multiply defined.

! Missing \endcsname inserted.
<to be read again> 
                   \unhbox 
l.57 ...) Vertical. (b) Horizontal}{figure.4.2}{}}
                                                  
The control sequence marked <to be read again> should
not appear between \csname and \endcsname.

! Extra \endcsname.
\@namedef ...xpandafter \def \csname #1\endcsname 
                                                  
l.57 ...) Vertical. (b) Horizontal}{figure.4.2}{}}
                                                  
I'm ignoring this, since I wasn't doing a \csname.

! Extra }, or forgotten \endgroup.
\@newl@bel ...ined}}\global \@namedef {#1@#2}{#3}}
                                                  
l.57 ...) Vertical. (b) Horizontal}{figure.4.2}{}}
                                                  
I've deleted a group-closing symbol because it seems to be
spurious, as in `$x}$'. But perhaps the } is legitimate and
you forgot something else, as in `\hbox{$x}'. In such cases
the way to recover is to insert both the forgotten and the
deleted material, e.g., by typing `I$}'.


LaTeX Warning: Label `Ecu 4' multiply defined.

! Missing \endcsname inserted.
<to be read again> 
                   \unhbox 
l.65 ...e una válvula hidráulica}{figure.4.4}{}}
                                                  
The control sequence marked <to be read again> should
not appear between \csname and \endcsname.


LaTeX Warning: Label `simbolo de una v\IeC {\'a}lvula hidr\IeC {\'a}ulica.' mul
tiply defined.

! Missing \endcsname inserted.
<to be read again> 
                   \unhbox 
l.65 ...e una válvula hidráulica}{figure.4.4}{}}
                                                  
The control sequence marked <to be read again> should
not appear between \csname and \endcsname.

! Extra \endcsname.
\@namedef ...xpandafter \def \csname #1\endcsname 
                                                  
l.65 ...e una válvula hidráulica}{figure.4.4}{}}
                                                  
I'm ignoring this, since I wasn't doing a \csname.

! Extra }, or forgotten \endgroup.
\@newl@bel ...ined}}\global \@namedef {#1@#2}{#3}}
                                                  
l.65 ...e una válvula hidráulica}{figure.4.4}{}}
                                                  
I've deleted a group-closing symbol because it seems to be
spurious, as in `$x}$'. But perhaps the } is legitimate and
you forgot something else, as in `\hbox{$x}'. In such cases
the way to recover is to insert both the forgotten and the
deleted material, e.g., by typing `I$}'.

! Missing \endcsname inserted.
<to be read again> 
                   \unhbox 
l.67 ...la resistencia hidráulica}{figure.4.5}{}}
                                                  
The control sequence marked <to be read again> should
not appear between \csname and \endcsname.


LaTeX Warning: Label `(a) velocidad de flujo vs presi\IeC {\'o}n diferencial. (
b) Interpretaci\IeC {\'o}n de la resistencia hidr\IeC {\'a}ulica.' multiply def
ined.

! Missing \endcsname inserted.
<to be read again> 
                   \unhbox 
l.67 ...la resistencia hidráulica}{figure.4.5}{}}
                                                  
The control sequence marked <to be read again> should
not appear between \csname and \endcsname.

! Extra \endcsname.
\@namedef ...xpandafter \def \csname #1\endcsname 
                                                  
l.67 ...la resistencia hidráulica}{figure.4.5}{}}
                                                  
I'm ignoring this, since I wasn't doing a \csname.

! Extra }, or forgotten \endgroup.
\@newl@bel ...ined}}\global \@namedef {#1@#2}{#3}}
                                                  
l.67 ...la resistencia hidráulica}{figure.4.5}{}}
                                                  
I've deleted a group-closing symbol because it seems to be
spurious, as in `$x}$'. But perhaps the } is legitimate and
you forgot something else, as in `\hbox{$x}'. In such cases
the way to recover is to insert both the forgotten and the
deleted material, e.g., by typing `I$}'.

! Missing \endcsname inserted.
<to be read again> 
                   \unhbox 
l.70 ... (b). Válvula equivalente}{figure.4.6}{}}
                                                  
The control sequence marked <to be read again> should
not appear between \csname and \endcsname.


LaTeX Warning: Label `Dos v\IeC {\'a}lvulas en serie (b). V\IeC {\'a}lvula equi
valente.' multiply defined.

! Missing \endcsname inserted.
<to be read again> 
                   \unhbox 
l.70 ... (b). Válvula equivalente}{figure.4.6}{}}
                                                  
The control sequence marked <to be read again> should
not appear between \csname and \endcsname.

! Extra \endcsname.
\@namedef ...xpandafter \def \csname #1\endcsname 
                                                  
l.70 ... (b). Válvula equivalente}{figure.4.6}{}}
                                                  
I'm ignoring this, since I wasn't doing a \csname.

! Extra }, or forgotten \endgroup.
\@newl@bel ...ined}}\global \@namedef {#1@#2}{#3}}
                                                  
l.70 ... (b). Válvula equivalente}{figure.4.6}{}}
                                                  
I've deleted a group-closing symbol because it seems to be
spurious, as in `$x}$'. But perhaps the } is legitimate and
you forgot something else, as in `\hbox{$x}'. In such cases
the way to recover is to insert both the forgotten and the
deleted material, e.g., by typing `I$}'.

! Missing \endcsname inserted.
<to be read again> 
                   \unhbox 
l.74 ...ón simbólica de la bomba}{figure.4.7}{}}
                                                  
The control sequence marked <to be read again> should
not appear between \csname and \endcsname.


LaTeX Warning: Label `Representaci\IeC {\'o}n simb\IeC {\'o}lica de la bomba.' 
multiply defined.

! Missing \endcsname inserted.
<to be read again> 
                   \unhbox 
l.74 ...ón simbólica de la bomba}{figure.4.7}{}}
                                                  
The control sequence marked <to be read again> should
not appear between \csname and \endcsname.

! Extra \endcsname.
\@namedef ...xpandafter \def \csname #1\endcsname 
                                                  
l.74 ...ón simbólica de la bomba}{figure.4.7}{}}
                                                  
I'm ignoring this, since I wasn't doing a \csname.

! Extra }, or forgotten \endgroup.
\@newl@bel ...ined}}\global \@namedef {#1@#2}{#3}}
                                                  
l.74 ...ón simbólica de la bomba}{figure.4.7}{}}
                                                  
I've deleted a group-closing symbol because it seems to be
spurious, as in `$x}$'. But perhaps the } is legitimate and
you forgot something else, as in `\hbox{$x}'. In such cases
the way to recover is to insert both the forgotten and the
deleted material, e.g., by typing `I$}'.

! Missing \endcsname inserted.
<to be read again> 
                   \unhbox 
l.76 ...ra la aproximación lineal}{figure.4.8}{}}
                                                  
The control sequence marked <to be read again> should
not appear between \csname and \endcsname.


LaTeX Warning: Label `Curvas t\IeC {\'\i }picas de la bomba centr\IeC {\'\i }fu
ga donde $\delta p=p_{2}-p_{1}$ (a) para tres diferentes velocidades de la bomb
a ($\omega 1 < \omega 2 < \omega 3$). (b) muestra la aproximaci\IeC {\'o}n line
al.' multiply defined.

! Missing \endcsname inserted.
<to be read again> 
                   \unhbox 
l.76 ...ra la aproximación lineal}{figure.4.8}{}}
                                                  
The control sequence marked <to be read again> should
not appear between \csname and \endcsname.

LaTeX Font Info:    External font `cmex10' loaded for size
(Font)              <12> on input line 76.
LaTeX Font Info:    External font `cmex10' loaded for size
(Font)              <8> on input line 76.
LaTeX Font Info:    External font `cmex10' loaded for size
(Font)              <6> on input line 76.
! Extra \endcsname.
\@namedef ...xpandafter \def \csname #1\endcsname 
                                                  
l.76 ...ra la aproximación lineal}{figure.4.8}{}}
                                                  
I'm ignoring this, since I wasn't doing a \csname.

! Extra }, or forgotten \endgroup.
\@newl@bel ...ined}}\global \@namedef {#1@#2}{#3}}
                                                  
l.76 ...ra la aproximación lineal}{figure.4.8}{}}
                                                  
I've deleted a group-closing symbol because it seems to be
spurious, as in `$x}$'. But perhaps the } is legitimate and
you forgot something else, as in `\hbox{$x}'. In such cases
the way to recover is to insert both the forgotten and the
deleted material, e.g., by typing `I$}'.

! Missing \endcsname inserted.
<to be read again> 
                   \unhbox 
l.80 ...ráulico para el ejemplo 3}{figure.4.9}{}}
                                                  
The control sequence marked <to be read again> should
not appear between \csname and \endcsname.


LaTeX Warning: Label `Sistema hidr\IeC {\'a}ulico para el ejemplo 3.' multiply 
defined.

! Missing \endcsname inserted.
<to be read again> 
                   \unhbox 
l.80 ...ráulico para el ejemplo 3}{figure.4.9}{}}
                                                  
The control sequence marked <to be read again> should
not appear between \csname and \endcsname.

! Extra \endcsname.
\@namedef ...xpandafter \def \csname #1\endcsname 
                                                  
l.80 ...ráulico para el ejemplo 3}{figure.4.9}{}}
                                                  
I'm ignoring this, since I wasn't doing a \csname.

! Extra }, or forgotten \endgroup.
\@newl@bel ...ined}}\global \@namedef {#1@#2}{#3}}
                                                  
l.80 ...ráulico para el ejemplo 3}{figure.4.9}{}}
                                                  
I've deleted a group-closing symbol because it seems to be
spurious, as in `$x}$'. But perhaps the } is legitimate and
you forgot something else, as in `\hbox{$x}'. In such cases
the way to recover is to insert both the forgotten and the
deleted material, e.g., by typing `I$}'.

! Missing \endcsname inserted.
<to be read again> 
                   \unhbox 
l.87 ...n la aproximación lineal}{figure.4.11}{}}
                                                  
The control sequence marked <to be read again> should
not appear between \csname and \endcsname.


LaTeX Warning: Label `(a) Curvas de bombas y v\IeC {\'a}lvulas combinadas del E
jemplo 4. (b) curva de la bomba con la aproximaci\IeC {\'o}n lineal.' multiply 
defined.

! Missing \endcsname inserted.
<to be read again> 
                   \unhbox 
l.87 ...n la aproximación lineal}{figure.4.11}{}}
                                                  
The control sequence marked <to be read again> should
not appear between \csname and \endcsname.

! Extra \endcsname.
\@namedef ...xpandafter \def \csname #1\endcsname 
                                                  
l.87 ...n la aproximación lineal}{figure.4.11}{}}
                                                  
I'm ignoring this, since I wasn't doing a \csname.

! Extra }, or forgotten \endgroup.
\@newl@bel ...ined}}\global \@namedef {#1@#2}{#3}}
                                                  
l.87 ...n la aproximación lineal}{figure.4.11}{}}
                                                  
I've deleted a group-closing symbol because it seems to be
spurious, as in `$x}$'. But perhaps the } is legitimate and
you forgot something else, as in `\hbox{$x}'. In such cases
the way to recover is to insert both the forgotten and the
deleted material, e.g., by typing `I$}'.

! Missing \endcsname inserted.
<to be read again> 
                   \unhbox 
l.91 ...considerando el Ejemplo 5}{figure.4.12}{}}
                                                  
The control sequence marked <to be read again> should
not appear between \csname and \endcsname.


LaTeX Warning: Label `Sistema hidr\IeC {\'a}ulico con dos tanques considerando 
el Ejemplo 5.' multiply defined.

! Missing \endcsname inserted.
<to be read again> 
                   \unhbox 
l.91 ...considerando el Ejemplo 5}{figure.4.12}{}}
                                                  
The control sequence marked <to be read again> should
not appear between \csname and \endcsname.

! Extra \endcsname.
\@namedef ...xpandafter \def \csname #1\endcsname 
                                                  
l.91 ...considerando el Ejemplo 5}{figure.4.12}{}}
                                                  
I'm ignoring this, since I wasn't doing a \csname.

! Extra }, or forgotten \endgroup.
\@newl@bel ...ined}}\global \@namedef {#1@#2}{#3}}
                                                  
l.91 ...considerando el Ejemplo 5}{figure.4.12}{}}
                                                  
I've deleted a group-closing symbol because it seems to be
spurious, as in `$x}$'. But perhaps the } is legitimate and
you forgot something else, as in `\hbox{$x}'. In such cases
the way to recover is to insert both the forgotten and the
deleted material, e.g., by typing `I$}'.

! Missing \endcsname inserted.
<to be read again> 
                   \unhbox 
l.101 ...ansferencia de la Planta}{figure.4.13}{}}
                                                  
The control sequence marked <to be read again> should
not appear between \csname and \endcsname.


LaTeX Warning: Label `Funci\IeC {\'o}n de transferencia de la Planta.' multiply
 defined.

! Missing \endcsname inserted.
<to be read again> 
                   \unhbox 
l.101 ...ansferencia de la Planta}{figure.4.13}{}}
                                                  
The control sequence marked <to be read again> should
not appear between \csname and \endcsname.

! Extra \endcsname.
\@namedef ...xpandafter \def \csname #1\endcsname 
                                                  
l.101 ...ansferencia de la Planta}{figure.4.13}{}}
                                                  
I'm ignoring this, since I wasn't doing a \csname.

! Extra }, or forgotten \endgroup.
\@newl@bel ...ined}}\global \@namedef {#1@#2}{#3}}
                                                  
l.101 ...ansferencia de la Planta}{figure.4.13}{}}
                                                  
I've deleted a group-closing symbol because it seems to be
spurious, as in `$x}$'. But perhaps the } is legitimate and
you forgot something else, as in `\hbox{$x}'. In such cases
the way to recover is to insert both the forgotten and the
deleted material, e.g., by typing `I$}'.


LaTeX Warning: Label `LTI Viewer for SISO Design Task.' multiply defined.


LaTeX Warning: Label `LTI Viewer for SISO Design Task.' multiply defined.


LaTeX Warning: Label `LTI Viewer for SISO Design Task.' multiply defined.


LaTeX Warning: Label `LTI Viewer for SISO Design Task.' multiply defined.


LaTeX Warning: Label `LTI Viewer for SISO Design Task.' multiply defined.


LaTeX Warning: Label `LTI Viewer for SISO Design Task.' multiply defined.


LaTeX Warning: Label `LTI Viewer for SISO Design Task.' multiply defined.


LaTeX Warning: Label `LTI Viewer for SISO Design Task.' multiply defined.


LaTeX Warning: Label `LTI Viewer for SISO Design Task.' multiply defined.


LaTeX Warning: Label `LTI Viewer for SISO Design Task.' multiply defined.


LaTeX Warning: Label `LTI Viewer for SISO Design Task.' multiply defined.

)
\openout1 = `proyectotanquesecci.aux'.

LaTeX Font Info:    Checking defaults for OML/cmm/m/it on input line 42.
LaTeX Font Info:    ... okay on input line 42.
LaTeX Font Info:    Checking defaults for T1/cmr/m/n on input line 42.
LaTeX Font Info:    ... okay on input line 42.
LaTeX Font Info:    Checking defaults for OT1/cmr/m/n on input line 42.
LaTeX Font Info:    ... okay on input line 42.
LaTeX Font Info:    Checking defaults for OMS/cmsy/m/n on input line 42.
LaTeX Font Info:    ... okay on input line 42.
LaTeX Font Info:    Checking defaults for OMX/cmex/m/n on input line 42.
LaTeX Font Info:    ... okay on input line 42.
LaTeX Font Info:    Checking defaults for U/cmr/m/n on input line 42.
LaTeX Font Info:    ... okay on input line 42.
LaTeX Font Info:    Checking defaults for PD1/pdf/m/n on input line 42.
LaTeX Font Info:    ... okay on input line 42.
 (/usr/local/texlive/2014/texmf-dist/tex/context/base/supp-pdf.mkii
[Loading MPS to PDF converter (version 2006.09.02).]
\scratchcounter=\count114
\scratchdimen=\dimen118
\scratchbox=\box30
\nofMPsegments=\count115
\nofMParguments=\count116
\everyMPshowfont=\toks24
\MPscratchCnt=\count117
\MPscratchDim=\dimen119
\MPnumerator=\count118
\makeMPintoPDFobject=\count119
\everyMPtoPDFconversion=\toks25
) (/usr/local/texlive/2014/texmf-dist/tex/latex/oberdiek/epstopdf-base.sty
Package: epstopdf-base 2010/02/09 v2.5 Base part for package epstopdf

(/usr/local/texlive/2014/texmf-dist/tex/latex/oberdiek/grfext.sty
Package: grfext 2010/08/19 v1.1 Manage graphics extensions (HO)
)
Package grfext Info: Graphics extension search list:
(grfext)             [.png,.pdf,.jpg,.mps,.jpeg,.jbig2,.jb2,.PNG,.PDF,.JPG,.JPE
G,.JBIG2,.JB2,.eps]
(grfext)             \AppendGraphicsExtensions on input line 452.

(/usr/local/texlive/2014/texmf-dist/tex/latex/latexconfig/epstopdf-sys.cfg
File: epstopdf-sys.cfg 2010/07/13 v1.3 Configuration of (r)epstopdf for TeX Liv
e
))
\AtBeginShipoutBox=\box31
Package hyperref Info: Link coloring OFF on input line 42.

(/usr/local/texlive/2014/texmf-dist/tex/latex/hyperref/nameref.sty
Package: nameref 2012/10/27 v2.43 Cross-referencing by name of section

(/usr/local/texlive/2014/texmf-dist/tex/generic/oberdiek/gettitlestring.sty
Package: gettitlestring 2010/12/03 v1.4 Cleanup title references (HO)
)
\c@section@level=\count120
)
LaTeX Info: Redefining \ref on input line 42.
LaTeX Info: Redefining \pageref on input line 42.
LaTeX Info: Redefining \nameref on input line 42.

(./proyectotanquesecci.out) (./proyectotanquesecci.out)
\@outlinefile=\write3
\openout3 = `proyectotanquesecci.out'.

LaTeX Info: Redefining \. on input line 42.
LaTeX Info: Redefining \% on input line 42.


Package Fancyhdr Warning: \headheight is too small (12.0pt): 
 Make it at least 13.59999pt.
 We now make it that large for the rest of the document.
 This may cause the page layout to be inconsistent, however.

[1{/usr/local/texlive/2014/texmf-var/fonts/map/pdftex/updmap/pdftex.map}

]
[2

]
LaTeX Font Info:    External font `cmex10' loaded for size
(Font)              <14.4> on input line 44.
LaTeX Font Info:    External font `cmex10' loaded for size
(Font)              <7> on input line 44.


LaTeX Warning: No \author given.

pdfTeX warning (ext4): destination with the same identifier (name{page.1}) has 
been already used, duplicate ignored
<to be read again> 
                   \relax 
l.44 \renewcommand
                  {\contentsname}{Tabla de Contenido} [1]pdfTeX warning (ext4):
 destination with the same identifier (name{page.2}) has been already used, dup
licate ignored
<to be read again> 
                   \relax 
l.47 \tableofcontents
                      [2

] (./proyectotanquesecci.toc
LaTeX Info: Redefining \. on input line 1.
LaTeX Info: Redefining \% on input line 1.
LaTeX Info: Redefining \. on input line 43.
LaTeX Info: Redefining \% on input line 43.
 [3])
\tf@toc=\write4
\openout4 = `proyectotanquesecci.toc'.

LaTeX Info: Redefining \. on input line 48.
LaTeX Info: Redefining \% on input line 48.
 [4]
(./proyectotanquesecci.lot
LaTeX Info: Redefining \. on input line 1.
LaTeX Info: Redefining \% on input line 1.
)
\tf@lot=\write5
\openout5 = `proyectotanquesecci.lot'.

LaTeX Info: Redefining \. on input line 49.
LaTeX Info: Redefining \% on input line 49.
 [5

]
LaTeX Info: Redefining \. on input line 49.
LaTeX Info: Redefining \% on input line 49.
 [6

] (./proyectotanquesecci.lof
LaTeX Info: Redefining \. on input line 1.
LaTeX Info: Redefining \% on input line 1.
)
\tf@lof=\write6
\openout6 = `proyectotanquesecci.lof'.

LaTeX Info: Redefining \. on input line 50.
LaTeX Info: Redefining \% on input line 50.
 [7]
LaTeX Info: Redefining \. on input line 60.
LaTeX Info: Redefining \% on input line 60.
 [8]
Underfull \hbox (badness 10000) in paragraph at lines 63--64

 []


Underfull \hbox (badness 10000) in paragraph at lines 65--66

 []


Underfull \hbox (badness 10000) in paragraph at lines 67--68

 []

LaTeX Info: Redefining \. on input line 77.
LaTeX Info: Redefining \% on input line 77.
[9

]
LaTeX Info: Redefining \. on input line 77.
LaTeX Info: Redefining \% on input line 77.
 [10

]
Cap\'{\i }tulo 1.

Underfull \hbox (badness 10000) in paragraph at lines 79--80

 []


Underfull \hbox (badness 10000) in paragraph at lines 81--82

 []


Underfull \hbox (badness 10000) in paragraph at lines 83--84

 []

[11]
LaTeX Info: Redefining \. on input line 93.
LaTeX Info: Redefining \% on input line 93.
 [12

]
Cap\'{\i }tulo 2.

Underfull \hbox (badness 10000) in paragraph at lines 97--98

 []


Underfull \hbox (badness 10000) in paragraph at lines 99--100

 []


Underfull \hbox (badness 10000) in paragraph at lines 101--102

 []


Underfull \hbox (badness 10000) in paragraph at lines 103--104

 []


Underfull \hbox (badness 10000) in paragraph at lines 105--106

 []

[13]
LaTeX Info: Redefining \. on input line 115.
LaTeX Info: Redefining \% on input line 115.
 [14

]
Cap\'{\i }tulo 3.
[15]
LaTeX Info: Redefining \. on input line 141.
LaTeX Info: Redefining \% on input line 141.
 [16

]
Cap\'{\i }tulo 4.

Underfull \hbox (badness 10000) in paragraph at lines 145--146

 []


Underfull \hbox (badness 10000) in paragraph at lines 147--148

 []


Underfull \hbox (badness 10000) in paragraph at lines 149--150

 []

[17]
Underfull \hbox (badness 10000) in paragraph at lines 164--165

 []


Underfull \hbox (badness 10000) in paragraph at lines 166--167

 []


Underfull \hbox (badness 10000) in paragraph at lines 168--169

 []


Underfull \hbox (badness 10000) in paragraph at lines 170--171

 []


Underfull \hbox (badness 10000) in paragraph at lines 172--173

 []


Underfull \hbox (badness 10000) in paragraph at lines 181--182

 []


Underfull \hbox (badness 10000) in paragraph at lines 185--186

 []

LaTeX Info: Redefining \. on input line 195.
LaTeX Info: Redefining \% on input line 195.
[18]
Underfull \hbox (badness 10000) in paragraph at lines 204--205

 []

<Figura1.pdf, id=342, 808.52063pt x 288.3272pt>
File: Figura1.pdf Graphic file (type pdf)
 <use Figura1.pdf>
Package pdftex.def Info: Figura1.pdf used on input line 216.
(pdftex.def)             Requested size: 323.40253pt x 115.32883pt.

Underfull \hbox (badness 10000) in paragraph at lines 222--223

 []

<Figura2.pdf, id=343, 685.8122pt x 346.29375pt>
File: Figura2.pdf Graphic file (type pdf)
 <use Figura2.pdf>
Package pdftex.def Info: Figura2.pdf used on input line 235.
(pdftex.def)             Requested size: 274.32002pt x 138.51503pt.


LaTeX Warning: `h' float specifier changed to `ht'.


Underfull \hbox (badness 10000) in paragraph at lines 243--244

 []

LaTeX Info: Redefining \. on input line 244.
LaTeX Info: Redefining \% on input line 244.
[19pdfTeX warning (ext4): destination with the same identifier (name{figure.4.1
}) has been already used, duplicate ignored

\AtBegShi@Output ...ipout \box \AtBeginShipoutBox 
                                                  \fi \fi 
l.244 
       <./Figura1.pdf>] <Figura3.pdf, id=383, 426.84468pt x 285.31593pt>
File: Figura3.pdf Graphic file (type pdf)

<use Figura3.pdf>
Package pdftex.def Info: Figura3.pdf used on input line 256.
(pdftex.def)             Requested size: 213.42181pt x 142.65761pt.


! Package inputenc Error: Keyboard character used is undefined
(inputenc)                in inputencoding `utf8'.

See the inputenc package documentation for explanation.
Type  H <return>  for immediate help.
 ...                                              
                                                  
l.262 ^^]
         \subsection{Resistencia}
You need to provide a definition with \DeclareInputText 
or \DeclareInputMath before using this key.


Underfull \hbox (badness 10000) in paragraph at lines 264--265

 []

LaTeX Info: Redefining \. on input line 265.
LaTeX Info: Redefining \% on input line 265.
[20pdfTeX warning (ext4): destination with the same identifier (name{figure.4.2
}) has been already used, duplicate ignored

\AtBegShi@Output ...ipout \box \AtBeginShipoutBox 
                                                  \fi \fi 
l.265 
      pdfTeX warning (ext4): destination with the same identifier (name{figure.
4.3}) has been already used, duplicate ignored

\AtBegShi@Output ...ipout \box \AtBeginShipoutBox 
                                                  \fi \fi 
l.265 
       <./Figura2.pdf> <./Figura3.pdf

pdfTeX warning: /usr/texbin/pdflatex (file ./Figura3.pdf): PDF inclusion: multi
ple pdfs with page group included in a single page
>] <Figura4.pdf, id=434, 234.8775pt x 127.22531pt>
File: Figura4.pdf Graphic file (type pdf)
 <use Figura4.pdf>
Package pdftex.def Info: Figura4.pdf used on input line 275.
(pdftex.def)             Requested size: 117.43846pt x 63.61249pt.

<Figura5.pdf, id=435, 770.12718pt x 323.70938pt>
File: Figura5.pdf Graphic file (type pdf)
 <use Figura5.pdf>
Package pdftex.def Info: Figura5.pdf used on input line 285.
(pdftex.def)             Requested size: 385.06264pt x 161.8543pt.

Underfull \hbox (badness 10000) in paragraph at lines 291--293

 []

LaTeX Info: Redefining \. on input line 293.
LaTeX Info: Redefining \% on input line 293.
[21pdfTeX warning (ext4): destination with the same identifier (name{figure.4.4
}) has been already used, duplicate ignored

\AtBegShi@Output ...ipout \box \AtBeginShipoutBox 
                                                  \fi \fi 
l.293 
      pdfTeX warning (ext4): destination with the same identifier (name{figure.
4.5}) has been already used, duplicate ignored

\AtBegShi@Output ...ipout \box \AtBeginShipoutBox 
                                                  \fi \fi 
l.293 
       <./Figura4.pdf> <./Figura5.pdf

pdfTeX warning: /usr/texbin/pdflatex (file ./Figura5.pdf): PDF inclusion: multi
ple pdfs with page group included in a single page
>]
Underfull \hbox (badness 10000) in paragraph at lines 294--295

 []


Overfull \hbox (2.27502pt too wide) in paragraph at lines 340--341
[]\OT1/cmr/m/n/12 Sustituyendo (1.12) en (1.13) da-da la ecua-ci^^Son al-ter-na
-ti-va por re-sis-ten-cia hidr^^Sauli-
 []


Underfull \hbox (badness 10000) in paragraph at lines 346--347

 []

LaTeX Info: Redefining \. on input line 347.
LaTeX Info: Redefining \% on input line 347.
[22] <Figura6.pdf, id=511, 532.23843pt x 161.85469pt>
File: Figura6.pdf Graphic file (type pdf)
 <use Figura6.pdf>
Package pdftex.def Info: Figura6.pdf used on input line 354.
(pdftex.def)             Requested size: 266.11856pt x 80.92714pt.

Underfull \hbox (badness 10000) in paragraph at lines 366--367

 []


Underfull \hbox (badness 10000) in paragraph at lines 372--373

 []

LaTeX Info: Redefining \. on input line 378.
LaTeX Info: Redefining \% on input line 378.
[23pdfTeX warning (ext4): destination with the same identifier (name{figure.4.6
}) has been already used, duplicate ignored

\AtBegShi@Output ...ipout \box \AtBeginShipoutBox 
                                                  \fi \fi 
l.378 \end{equation}
                     <./Figura6.pdf>]
Underfull \hbox (badness 10000) in paragraph at lines 385--386

 []


Underfull \hbox (badness 10000) in paragraph at lines 393--394

 []

<Figura7.pdf, id=556, 208.78pt x 228.855pt>
File: Figura7.pdf Graphic file (type pdf)
 <use Figura7.pdf>
Package pdftex.def Info: Figura7.pdf used on input line 401.
(pdftex.def)             Requested size: 104.38972pt x 114.42722pt.

<Figura8.pdf, id=557, 794.97pt x 289.08pt>
File: Figura8.pdf Graphic file (type pdf)
 <use Figura8.pdf>
Package pdftex.def Info: Figura8.pdf used on input line 409.
(pdftex.def)             Requested size: 397.48402pt x 144.53964pt.


LaTeX Warning: `h' float specifier changed to `ht'.

LaTeX Info: Redefining \. on input line 416.
LaTeX Info: Redefining \% on input line 416.
[24pdfTeX warning (ext4): destination with the same identifier (name{figure.4.7
}) has been already used, duplicate ignored

\AtBegShi@Output ...ipout \box \AtBeginShipoutBox 
                                                  \fi \fi 
l.416 
       <./Figura7.pdf>]
Underfull \hbox (badness 10000) in paragraph at lines 433--435

 []


Underfull \hbox (badness 10000) in paragraph at lines 438--439

 []

LaTeX Info: Redefining \. on input line 439.
LaTeX Info: Redefining \% on input line 439.
[25pdfTeX warning (ext4): destination with the same identifier (name{figure.4.8
}) has been already used, duplicate ignored

\AtBegShi@Output ...ipout \box \AtBeginShipoutBox 
                                                  \fi \fi 
l.439 
       <./Figura8.pdf>]
Underfull \hbox (badness 10000) in paragraph at lines 442--443

 []

<Figura9.pdf, id=580, 409.53pt x 240.9pt>
File: Figura9.pdf Graphic file (type pdf)
 <use Figura9.pdf>
Package pdftex.def Info: Figura9.pdf used on input line 448.
(pdftex.def)             Requested size: 245.7199pt x 144.5411pt.

Overfull \hbox (23.59889pt too wide) in paragraph at lines 467--468
[]\OT1/cmr/m/n/12 Tomando la pre-si^^Son $\OML/cmm/m/it/12 p[]$ \OT1/cmr/m/n/12
 co-mo la va-ria-ble de es-ta-do, uti-li-za-mos $\OML/cmm/m/it/12 p \OT1/cmr/m/
n/12 = [] []$,
 []

LaTeX Info: Redefining \. on input line 474.
LaTeX Info: Redefining \% on input line 474.
[26pdfTeX warning (ext4): destination with the same identifier (name{figure.4.9
}) has been already used, duplicate ignored

\AtBegShi@Output ...ipout \box \AtBeginShipoutBox 
                                                  \fi \fi 
l.474 
       <./Figura9.pdf>]
Underfull \hbox (badness 10000) in paragraph at lines 505--506

 []

LaTeX Info: Redefining \. on input line 528.
LaTeX Info: Redefining \% on input line 528.
[27]
Underfull \hbox (badness 10000) in paragraph at lines 538--539

 []


Underfull \hbox (badness 10000) in paragraph at lines 542--543

 []


Underfull \hbox (badness 10000) in paragraph at lines 558--559

 []

<Figura10.pdf, id=616, 698.61pt x 192.72pt>
File: Figura10.pdf Graphic file (type pdf)
 <use Figura10.pdf>
Package pdftex.def Info: Figura10.pdf used on input line 564.
(pdftex.def)             Requested size: 419.16924pt x 115.63287pt.


LaTeX Warning: `h' float specifier changed to `ht'.

<Figura11.pdf, id=617, 843.15pt x 313.17pt>
File: Figura11.pdf Graphic file (type pdf)
 <use Figura11.pdf>
Package pdftex.def Info: Figura11.pdf used on input line 572.
(pdftex.def)             Requested size: 421.57396pt x 156.58461pt.


LaTeX Warning: `h' float specifier changed to `ht'.

LaTeX Info: Redefining \. on input line 582.
LaTeX Info: Redefining \% on input line 582.
[28]
LaTeX Info: Redefining \. on input line 604.
LaTeX Info: Redefining \% on input line 604.
 [29pdfTeX warning (ext4): destination with the same identifier (name{figure.4.
10}) has been already used, duplicate ignored

\AtBegShi@Output ...ipout \box \AtBeginShipoutBox 
                                                  \fi \fi 
l.604 \begin{equation}
                      pdfTeX warning (ext4): destination with the same identifi
er (name{figure.4.11}) has been already used, duplicate ignored

\AtBegShi@Output ...ipout \box \AtBeginShipoutBox 
                                                  \fi \fi 
l.604 \begin{equation}
                       <./Figura10.pdf> <./Figura11.pdf>]
Underfull \hbox (badness 10000) in paragraph at lines 616--617

 []


Underfull \hbox (badness 10000) in paragraph at lines 620--622

 []

<Figura12.pdf, id=645, 578.16pt x 192.72pt>
File: Figura12.pdf Graphic file (type pdf)
 <use Figura12.pdf>
Package pdftex.def Info: Figura12.pdf used on input line 629.
(pdftex.def)             Requested size: 346.89867pt x 115.63287pt.
LaTeX Info: Redefining \. on input line 643.
LaTeX Info: Redefining \% on input line 643.
 [30pdfTeX warning (ext4): destination with the same identifier (name{figure.4.
12}) has been already used, duplicate ignored

\AtBegShi@Output ...ipout \box \AtBeginShipoutBox 
                                                  \fi \fi 
l.643 \end{equation}
                     <./Figura12.pdf>]

LaTeX Warning: Command \textendash invalid in math mode on input line 669.

LaTeX Info: Redefining \. on input line 685.
LaTeX Info: Redefining \% on input line 685.
[31]
Underfull \hbox (badness 10000) in paragraph at lines 685--686

 []

LaTeX Info: Redefining \. on input line 750.
LaTeX Info: Redefining \% on input line 750.
[32]
Underfull \hbox (badness 10000) in paragraph at lines 754--755

 []


Underfull \hbox (badness 10000) in paragraph at lines 783--784

 []

LaTeX Info: Redefining \. on input line 791.
LaTeX Info: Redefining \% on input line 791.
[33]
Underfull \hbox (badness 10000) in paragraph at lines 801--802

 []


Underfull \hbox (badness 10000) in paragraph at lines 811--812

 []


Underfull \hbox (badness 10000) in paragraph at lines 813--814

 []


! Package inputenc Error: Keyboard character used is undefined
(inputenc)                in inputencoding `utf8'.

See the inputenc package documentation for explanation.
Type  H <return>  for immediate help.
 ...                                              
                                                  
l.834 ^^]
         \subsection{Características Sistemas linealizados}
You need to provide a definition with \DeclareInputText 
or \DeclareInputMath before using this key.


Underfull \hbox (badness 10000) in paragraph at lines 847--848

 []

LaTeX Info: Redefining \. on input line 852.
LaTeX Info: Redefining \% on input line 852.
[34]
Underfull \hbox (badness 10000) in paragraph at lines 877--878

 []

LaTeX Info: Redefining \. on input line 917.
LaTeX Info: Redefining \% on input line 917.
[35]
LaTeX Info: Redefining \. on input line 935.
LaTeX Info: Redefining \% on input line 935.
 [36]
Underfull \hbox (badness 10000) in paragraph at lines 955--956

 []


Underfull \hbox (badness 10000) in paragraph at lines 957--958

 []


Underfull \hbox (badness 10000) in paragraph at lines 959--960

 []

<FuncionPlanta.png, id=722, 168.63pt x 45.92157pt>
File: FuncionPlanta.png Graphic file (type png)
 <use FuncionPlanta.png>
Package pdftex.def Info: FuncionPlanta.png used on input line 963.
(pdftex.def)             Requested size: 168.62958pt x 45.92145pt.

Underfull \hbox (badness 10000) in paragraph at lines 969--970

 []


Underfull \hbox (badness 10000) in paragraph at lines 977--978

 []

LaTeX Info: Redefining \. on input line 978.
LaTeX Info: Redefining \% on input line 978.
[37pdfTeX warning (ext4): destination with the same identifier (name{figure.4.1
3}) has been already used, duplicate ignored

\AtBegShi@Output ...ipout \box \AtBeginShipoutBox 
                                                  \fi \fi 
l.978 
       <./FuncionPlanta.png>] <Ventana1.png, id=727, 702.625pt x 401.5pt>
File: Ventana1.png Graphic file (type png)

<use Ventana1.png>
Package pdftex.def Info: Ventana1.png used on input line 981.
(pdftex.def)             Requested size: 351.31163pt x 200.7495pt.

Underfull \hbox (badness 10000) in paragraph at lines 987--988

 []

<Ventana2.png, id=729, 321.2pt x 231.86626pt>
File: Ventana2.png Graphic file (type png)
 <use Ventana2.png>
Package pdftex.def Info: Ventana2.png used on input line 991.
(pdftex.def)             Requested size: 224.83847pt x 162.30525pt.

Underfull \hbox (badness 10000) in paragraph at lines 997--998

 []

LaTeX Info: Redefining \. on input line 998.
LaTeX Info: Redefining \% on input line 998.
[38pdfTeX warning (ext4): destination with the same identifier (name{figure.4.1
4}) has been already used, duplicate ignored

\AtBegShi@Output ...ipout \box \AtBeginShipoutBox 
                                                  \fi \fi 
l.998 
      pdfTeX warning (ext4): destination with the same identifier (name{figure.
4.15}) has been already used, duplicate ignored

\AtBegShi@Output ...ipout \box \AtBeginShipoutBox 
                                                  \fi \fi 
l.998 
       <./Ventana1.png> <./Ventana2.png>]
<Ventana3.png, id=736, 321.2pt x 252.945pt>
File: Ventana3.png Graphic file (type png)
 <use Ventana3.png>
Package pdftex.def Info: Ventana3.png used on input line 1001.
(pdftex.def)             Requested size: 224.83847pt x 177.06029pt.

Underfull \hbox (badness 10000) in paragraph at lines 1007--1008

 []

<Ventana4.png, id=737, 321.2pt x 239.89626pt>
File: Ventana4.png Graphic file (type png)
 <use Ventana4.png>
Package pdftex.def Info: Ventana4.png used on input line 1011.
(pdftex.def)             Requested size: 224.83847pt x 167.92622pt.

Underfull \hbox (badness 10000) in paragraph at lines 1017--1018

 []

LaTeX Info: Redefining \. on input line 1018.
LaTeX Info: Redefining \% on input line 1018.
[39pdfTeX warning (ext4): destination with the same identifier (name{figure.4.1
6}) has been already used, duplicate ignored

\AtBegShi@Output ...ipout \box \AtBeginShipoutBox 
                                                  \fi \fi 
l.1018 
       pdfTeX warning (ext4): destination with the same identifier (name{figure
.4.17}) has been already used, duplicate ignored

\AtBegShi@Output ...ipout \box \AtBeginShipoutBox 
                                                  \fi \fi 
l.1018 
        <./Ventana3.png> <./Ventana4.png>]
<Ventana5.png, id=742, 337.26pt x 401.5pt>
File: Ventana5.png Graphic file (type png)
 <use Ventana5.png>
Package pdftex.def Info: Ventana5.png used on input line 1021.
(pdftex.def)             Requested size: 236.08038pt x 281.04808pt.

Underfull \hbox (badness 10000) in paragraph at lines 1027--1028

 []


Underfull \hbox (badness 10000) in paragraph at lines 1029--1030

 []

<Ventana6.png, id=743, 321.2pt x 286.06876pt>
File: Ventana6.png Graphic file (type png)
 <use Ventana6.png>
Package pdftex.def Info: Ventana6.png used on input line 1033.
(pdftex.def)             Requested size: 224.83847pt x 200.24675pt.


LaTeX Warning: `h' float specifier changed to `ht'.


Underfull \hbox (badness 10000) in paragraph at lines 1039--1040

 []

LaTeX Info: Redefining \. on input line 1040.
LaTeX Info: Redefining \% on input line 1040.
[40pdfTeX warning (ext4): destination with the same identifier (name{figure.4.1
8}) has been already used, duplicate ignored

\AtBegShi@Output ...ipout \box \AtBeginShipoutBox 
                                                  \fi \fi 
l.1040 
        <./Ventana5.png>] <Ventana7.png, id=749, 401.5pt x 356.33125pt>
File: Ventana7.png Graphic file (type png)

<use Ventana7.png>
Package pdftex.def Info: Ventana7.png used on input line 1043.
(pdftex.def)             Requested size: 240.90184pt x 213.80038pt.

Underfull \hbox (badness 10000) in paragraph at lines 1049--1050

 []

<Ventana8.png, id=750, 321.2pt x 286.06876pt>
File: Ventana8.png Graphic file (type png)
 <use Ventana8.png>
Package pdftex.def Info: Ventana8.png used on input line 1053.
(pdftex.def)             Requested size: 224.83847pt x 200.24675pt.


LaTeX Warning: `h' float specifier changed to `ht'.


Underfull \hbox (badness 10000) in paragraph at lines 1059--1060

 []

LaTeX Info: Redefining \. on input line 1060.
LaTeX Info: Redefining \% on input line 1060.
[41pdfTeX warning (ext4): destination with the same identifier (name{figure.4.1
9}) has been already used, duplicate ignored

\AtBegShi@Output ...ipout \box \AtBeginShipoutBox 
                                                  \fi \fi 
l.1060 
       pdfTeX warning (ext4): destination with the same identifier (name{figure
.4.20}) has been already used, duplicate ignored

\AtBegShi@Output ...ipout \box \AtBeginShipoutBox 
                                                  \fi \fi 
l.1060 
        <./Ventana6.png> <./Ventana7.png>]
Underfull \hbox (badness 10000) in paragraph at lines 1061--1062

 []


Underfull \hbox (badness 10000) in paragraph at lines 1063--1064

 []


Underfull \hbox (badness 10000) in paragraph at lines 1065--1066

 []

<Ventana9.png, id=756, 382.42876pt x 401.5pt>
File: Ventana9.png Graphic file (type png)
 <use Ventana9.png>
Package pdftex.def Info: Ventana9.png used on input line 1069.
(pdftex.def)             Requested size: 229.45901pt x 240.90184pt.
LaTeX Info: Redefining \. on input line 1073.
LaTeX Info: Redefining \% on input line 1073.
 [42pdfTeX warning (ext4): destination with the same identifier (name{figure.4.
21}) has been already used, duplicate ignored

\AtBegShi@Output ...ipout \box \AtBeginShipoutBox 
                                                  \fi \fi 
l.1073 \end{figure}
                    <./Ventana8.png>]
Underfull \hbox (badness 10000) in paragraph at lines 1082--1083

 []

<Ventana10.png, id=761, 307.1475pt x 321.2pt>
File: Ventana10.png Graphic file (type png)
 <use Ventana10.png>
Package pdftex.def Info: Ventana10.png used on input line 1086.
(pdftex.def)             Requested size: 184.28992pt x 192.72148pt.


LaTeX Warning: `h' float specifier changed to `ht'.


Underfull \hbox (badness 10000) in paragraph at lines 1092--1093

 []


Underfull \hbox (badness 10000) in paragraph at lines 1094--1095

 []


Underfull \hbox (badness 10000) in paragraph at lines 1096--1097

 []

LaTeX Info: Redefining \. on input line 1097.
LaTeX Info: Redefining \% on input line 1097.
[43pdfTeX warning (ext4): destination with the same identifier (name{figure.4.2
2}) has been already used, duplicate ignored

\AtBegShi@Output ...ipout \box \AtBeginShipoutBox 
                                                  \fi \fi 
l.1097 
        <./Ventana9.png>] <Ventana11.png, id=766, 305.14pt x 321.2pt>
File: Ventana11.png Graphic file (type png)

<use Ventana11.png>
Package pdftex.def Info: Ventana11.png used on input line 1100.
(pdftex.def)             Requested size: 213.59653pt x 224.83847pt.

Underfull \hbox (badness 10000) in paragraph at lines 1106--1107

 []

LaTeX Info: Redefining \. on input line 1107.
LaTeX Info: Redefining \% on input line 1107.
[44pdfTeX warning (ext4): destination with the same identifier (name{figure.4.2
3}) has been already used, duplicate ignored

\AtBegShi@Output ...ipout \box \AtBeginShipoutBox 
                                                  \fi \fi 
l.1107 
       pdfTeX warning (ext4): destination with the same identifier (name{figure
.4.24}) has been already used, duplicate ignored

\AtBegShi@Output ...ipout \box \AtBeginShipoutBox 
                                                  \fi \fi 
l.1107 
        <./Ventana10.png> <./Ventana11.png>]
<Ventana12.png, id=771, 271.0125pt x 321.2pt>
File: Ventana12.png Graphic file (type png)
 <use Ventana12.png>
Package pdftex.def Info: Ventana12.png used on input line 1110.
(pdftex.def)             Requested size: 189.70744pt x 224.83847pt.

Underfull \hbox (badness 10000) in paragraph at lines 1116--1117

 []

<Ventana13.png, id=772, 321.2pt x 302.12875pt>
File: Ventana13.png Graphic file (type png)
 <use Ventana13.png>
Package pdftex.def Info: Ventana13.png used on input line 1120.
(pdftex.def)             Requested size: 192.72148pt x 181.27864pt.

Underfull \hbox (badness 10000) in paragraph at lines 1126--1127

 []

LaTeX Info: Redefining \. on input line 1127.
LaTeX Info: Redefining \% on input line 1127.
[45pdfTeX warning (ext4): destination with the same identifier (name{figure.4.2
5}) has been already used, duplicate ignored

\AtBegShi@Output ...ipout \box \AtBeginShipoutBox 
                                                  \fi \fi 
l.1127 
       pdfTeX warning (ext4): destination with the same identifier (name{figure
.4.26}) has been already used, duplicate ignored

\AtBegShi@Output ...ipout \box \AtBeginShipoutBox 
                                                  \fi \fi 
l.1127 
        <./Ventana12.png> <./Ventana13.png>]
Underfull \hbox (badness 10000) in paragraph at lines 1128--1129

 []

<Ventana14.png, id=777, 602.25pt x 321.2pt>
File: Ventana14.png Graphic file (type png)
 <use Ventana14.png>
Package pdftex.def Info: Ventana14.png used on input line 1132.
(pdftex.def)             Requested size: 421.57211pt x 224.83847pt.

Underfull \hbox (badness 10000) in paragraph at lines 1138--1139

 []


Underfull \hbox (badness 10000) in paragraph at lines 1140--1141

 []

<Ventana15.png, id=778, 271.0125pt x 321.2pt>
File: Ventana15.png Graphic file (type png)
 <use Ventana15.png>
Package pdftex.def Info: Ventana15.png used on input line 1144.
(pdftex.def)             Requested size: 189.70744pt x 224.83847pt.


LaTeX Warning: `h' float specifier changed to `ht'.


Underfull \hbox (badness 10000) in paragraph at lines 1150--1151

 []

LaTeX Info: Redefining \. on input line 1151.
LaTeX Info: Redefining \% on input line 1151.
[46pdfTeX warning (ext4): destination with the same identifier (name{figure.4.2
7}) has been already used, duplicate ignored

\AtBegShi@Output ...ipout \box \AtBeginShipoutBox 
                                                  \fi \fi 
l.1151 
        <./Ventana14.png>]
Underfull \hbox (badness 10000) in paragraph at lines 1152--1153

 []

<Ventana16.png, id=784, 321.2pt x 303.1325pt>
File: Ventana16.png Graphic file (type png)
 <use Ventana16.png>
Package pdftex.def Info: Ventana16.png used on input line 1156.
(pdftex.def)             Requested size: 192.72148pt x 181.8809pt.

Underfull \hbox (badness 10000) in paragraph at lines 1162--1163

 []

LaTeX Info: Redefining \. on input line 1163.
LaTeX Info: Redefining \% on input line 1163.
[47pdfTeX warning (ext4): destination with the same identifier (name{figure.4.2
8}) has been already used, duplicate ignored

\AtBegShi@Output ...ipout \box \AtBeginShipoutBox 
                                                  \fi \fi 
l.1163 
       pdfTeX warning (ext4): destination with the same identifier (name{figure
.4.29}) has been already used, duplicate ignored

\AtBegShi@Output ...ipout \box \AtBeginShipoutBox 
                                                  \fi \fi 
l.1163 
        <./Ventana15.png> <./Ventana16.png>]
<Ventana18.png, id=790, 375.4025pt x 401.5pt>
File: Ventana18.png Graphic file (type png)
 <use Ventana18.png>
Package pdftex.def Info: Ventana18.png used on input line 1166.
(pdftex.def)             Requested size: 262.77995pt x 281.04808pt.
LaTeX Info: Redefining \. on input line 1172.
LaTeX Info: Redefining \% on input line 1172.
 [48pdfTeX warning (ext4): destination with the same identifier (name{figure.4.
30}) has been already used, duplicate ignored

\AtBegShi@Output ...ipout \box \AtBeginShipoutBox 
                                                  \fi \fi 
l.1172 \newpage
                <./Ventana18.png>]
Cap\'{\i }tulo 5.
[49

]
LaTeX Info: Redefining \. on input line 1204.
LaTeX Info: Redefining \% on input line 1204.
 [50

]
Cap\'{\i }tulo 6.
[51]
LaTeX Info: Redefining \. on input line 1218.
LaTeX Info: Redefining \% on input line 1218.
 [52

]
Cap\'{\i }tulo 7.
[53]
LaTeX Info: Redefining \. on input line 1228.
LaTeX Info: Redefining \% on input line 1228.
 [54

]
Cap\'{\i }tulo 8.
[55]
LaTeX Info: Redefining \. on input line 1238.
LaTeX Info: Redefining \% on input line 1238.
 [56

]
Cap\'{\i }tulo 9.
(./proyectotanquesecci.bbl [57]
LaTeX Info: Redefining \. on input line 2.
LaTeX Info: Redefining \% on input line 2.
 [58

])
Package atveryend Info: Empty hook `BeforeClearDocument' on input line 1276.
LaTeX Info: Redefining \. on input line 1276.
LaTeX Info: Redefining \% on input line 1276.
 [59]
Package atveryend Info: Empty hook `AfterLastShipout' on input line 1276.
 (./proyectotanquesecci.aux
LaTeX Info: Redefining \. on input line 23.
LaTeX Info: Redefining \% on input line 23.

! Missing \endcsname inserted.
<to be read again> 
                   \unhbox 
l.53 ...n y el área de un liquido}{figure.4.1}{}}
                                                  
The control sequence marked <to be read again> should
not appear between \csname and \endcsname.

! Extra \endcsname.
\@newl@bel ... \bbl@tempa \csname #1@#2\endcsname 
                                                  \def \bbl@tempb {#3}\@safe...
l.53 ...n y el área de un liquido}{figure.4.1}{}}
                                                  
I'm ignoring this, since I wasn't doing a \csname.

! Missing \endcsname inserted.
<to be read again> 
                   \unhbox 
l.57 ...) Vertical. (b) Horizontal}{figure.4.2}{}}
                                                  
The control sequence marked <to be read again> should
not appear between \csname and \endcsname.

! Extra \endcsname.
\@newl@bel ... \bbl@tempa \csname #1@#2\endcsname 
                                                  \def \bbl@tempb {#3}\@safe...
l.57 ...) Vertical. (b) Horizontal}{figure.4.2}{}}
                                                  
I'm ignoring this, since I wasn't doing a \csname.

! Missing \endcsname inserted.
<to be read again> 
                   \unhbox 
l.65 ...e una válvula hidráulica}{figure.4.4}{}}
                                                  
The control sequence marked <to be read again> should
not appear between \csname and \endcsname.

! Extra \endcsname.
\@newl@bel ... \bbl@tempa \csname #1@#2\endcsname 
                                                  \def \bbl@tempb {#3}\@safe...
l.65 ...e una válvula hidráulica}{figure.4.4}{}}
                                                  
I'm ignoring this, since I wasn't doing a \csname.

! Missing \endcsname inserted.
<to be read again> 
                   \unhbox 
l.67 ...la resistencia hidráulica}{figure.4.5}{}}
                                                  
The control sequence marked <to be read again> should
not appear between \csname and \endcsname.

! Extra \endcsname.
\@newl@bel ... \bbl@tempa \csname #1@#2\endcsname 
                                                  \def \bbl@tempb {#3}\@safe...
l.67 ...la resistencia hidráulica}{figure.4.5}{}}
                                                  
I'm ignoring this, since I wasn't doing a \csname.

! Missing \endcsname inserted.
<to be read again> 
                   \unhbox 
l.70 ... (b). Válvula equivalente}{figure.4.6}{}}
                                                  
The control sequence marked <to be read again> should
not appear between \csname and \endcsname.

! Extra \endcsname.
\@newl@bel ... \bbl@tempa \csname #1@#2\endcsname 
                                                  \def \bbl@tempb {#3}\@safe...
l.70 ... (b). Válvula equivalente}{figure.4.6}{}}
                                                  
I'm ignoring this, since I wasn't doing a \csname.

! Missing \endcsname inserted.
<to be read again> 
                   \unhbox 
l.74 ...ón simbólica de la bomba}{figure.4.7}{}}
                                                  
The control sequence marked <to be read again> should
not appear between \csname and \endcsname.

! Extra \endcsname.
\@newl@bel ... \bbl@tempa \csname #1@#2\endcsname 
                                                  \def \bbl@tempb {#3}\@safe...
l.74 ...ón simbólica de la bomba}{figure.4.7}{}}
                                                  
I'm ignoring this, since I wasn't doing a \csname.

! Missing \endcsname inserted.
<to be read again> 
                   \unhbox 
l.76 ...ra la aproximación lineal}{figure.4.8}{}}
                                                  
The control sequence marked <to be read again> should
not appear between \csname and \endcsname.

! Extra \endcsname.
\@newl@bel ... \bbl@tempa \csname #1@#2\endcsname 
                                                  \def \bbl@tempb {#3}\@safe...
l.76 ...ra la aproximación lineal}{figure.4.8}{}}
                                                  
I'm ignoring this, since I wasn't doing a \csname.

! Missing \endcsname inserted.
<to be read again> 
                   \unhbox 
l.80 ...ráulico para el ejemplo 3}{figure.4.9}{}}
                                                  
The control sequence marked <to be read again> should
not appear between \csname and \endcsname.

! Extra \endcsname.
\@newl@bel ... \bbl@tempa \csname #1@#2\endcsname 
                                                  \def \bbl@tempb {#3}\@safe...
l.80 ...ráulico para el ejemplo 3}{figure.4.9}{}}
                                                  
I'm ignoring this, since I wasn't doing a \csname.

! Missing \endcsname inserted.
<to be read again> 
                   \unhbox 
l.87 ...n la aproximación lineal}{figure.4.11}{}}
                                                  
The control sequence marked <to be read again> should
not appear between \csname and \endcsname.

! Extra \endcsname.
\@newl@bel ... \bbl@tempa \csname #1@#2\endcsname 
                                                  \def \bbl@tempb {#3}\@safe...
l.87 ...n la aproximación lineal}{figure.4.11}{}}
                                                  
I'm ignoring this, since I wasn't doing a \csname.

! Missing \endcsname inserted.
<to be read again> 
                   \unhbox 
l.91 ...considerando el Ejemplo 5}{figure.4.12}{}}
                                                  
The control sequence marked <to be read again> should
not appear between \csname and \endcsname.

! Extra \endcsname.
\@newl@bel ... \bbl@tempa \csname #1@#2\endcsname 
                                                  \def \bbl@tempb {#3}\@safe...
l.91 ...considerando el Ejemplo 5}{figure.4.12}{}}
                                                  
I'm ignoring this, since I wasn't doing a \csname.

! Missing \endcsname inserted.
<to be read again> 
                   \unhbox 
l.101 ...ansferencia de la Planta}{figure.4.13}{}}
                                                  
The control sequence marked <to be read again> should
not appear between \csname and \endcsname.

! Extra \endcsname.
\@newl@bel ... \bbl@tempa \csname #1@#2\endcsname 
                                                  \def \bbl@tempb {#3}\@safe...
l.101 ...ansferencia de la Planta}{figure.4.13}{}}
                                                  
I'm ignoring this, since I wasn't doing a \csname.

)
Package atveryend Info: Executing hook `AtVeryEndDocument' on input line 1276.
Package atveryend Info: Executing hook `AtEndAfterFileList' on input line 1276.

Package rerunfilecheck Info: File `proyectotanquesecci.out' has not changed.
(rerunfilecheck)             Checksum: CEEC693C39275CA5D7D8C323315C0208;2152.


LaTeX Warning: There were multiply-defined labels.

Package atveryend Info: Empty hook `AtVeryVeryEnd' on input line 1276.
 ) 
Here is how much of TeX's memory you used:
 7663 strings out of 493108
 110246 string characters out of 6134847
 207726 words of memory out of 5000000
 10758 multiletter control sequences out of 15000+600000
 10717 words of font info for 37 fonts, out of 8000000 for 9000
 1144 hyphenation exceptions out of 8191
 34i,12n,43p,817b,698s stack positions out of 5000i,500n,10000p,200000b,80000s
</usr/local/texlive/2014/texmf-dist/fonts/type1/public/amsfonts/cm/cmbx12.pfb
></usr/local/texlive/2014/texmf-dist/fonts/type1/public/amsfonts/cm/cmex10.pfb>
</usr/local/texlive/2014/texmf-dist/fonts/type1/public/amsfonts/cm/cmmi12.pfb><
/usr/local/texlive/2014/texmf-dist/fonts/type1/public/amsfonts/cm/cmmi6.pfb></u
sr/local/texlive/2014/texmf-dist/fonts/type1/public/amsfonts/cm/cmmi8.pfb></usr
/local/texlive/2014/texmf-dist/fonts/type1/public/amsfonts/cm/cmr10.pfb></usr/l
ocal/texlive/2014/texmf-dist/fonts/type1/public/amsfonts/cm/cmr12.pfb></usr/loc
al/texlive/2014/texmf-dist/fonts/type1/public/amsfonts/cm/cmr6.pfb></usr/local/
texlive/2014/texmf-dist/fonts/type1/public/amsfonts/cm/cmr8.pfb></usr/local/tex
live/2014/texmf-dist/fonts/type1/public/amsfonts/cm/cmsy10.pfb></usr/local/texl
ive/2014/texmf-dist/fonts/type1/public/amsfonts/cm/cmsy6.pfb></usr/local/texliv
e/2014/texmf-dist/fonts/type1/public/amsfonts/cm/cmsy8.pfb></usr/local/texlive/
2014/texmf-dist/fonts/type1/public/amsfonts/cm/cmti12.pfb></usr/local/texlive/2
014/texmf-dist/fonts/type1/public/amsfonts/cm/cmti7.pfb>
Output written on proyectotanquesecci.pdf (61 pages, 2311179 bytes).
PDF statistics:
 942 PDF objects out of 1000 (max. 8388607)
 738 compressed objects within 8 object streams
 226 named destinations out of 1000 (max. 500000)
 423 words of extra memory for PDF output out of 10000 (max. 10000000)

